
*** Running vivado
    with args -log gameAndReg32x32.vds -m64 -product Vivado -mode batch -messageDb vivado.pb -notrace -source gameAndReg32x32.tcl



****** Vivado v2022.2 (64-bit)
  **** SW Build 3671981 on Fri Oct 14 05:00:03 MDT 2022
  **** IP Build 3669848 on Fri Oct 14 08:30:02 MDT 2022
    ** Copyright 1986-2022 Xilinx, Inc. All Rights Reserved.

source gameAndReg32x32.tcl -notrace
create_project: Time (s): cpu = 00:00:12 ; elapsed = 00:00:17 . Memory (MB): peak = 393.035 ; gain = 82.660
Command: synth_design -top gameAndReg32x32 -part xc7z020clg400-1 -no_iobuf
Starting synth_design
Attempting to get a license for feature 'Synthesis' and/or device 'xc7z020'
INFO: [Common 17-349] Got license for feature 'Synthesis' and/or device 'xc7z020'
INFO: [Synth 8-7079] Multithreading enabled for synth_design using a maximum of 2 processes.
INFO: [Synth 8-7078] Launching helper process for spawning children vivado processes
INFO: [Synth 8-7075] Helper process launched with PID 10220
INFO: [Synth 8-11241] undeclared symbol 'REGCCE', assumed default net type 'wire' [C:/Xilinx/Vivado/2022.2/data/verilog/src/unimacro/BRAM_SINGLE_MACRO.v:2170]
---------------------------------------------------------------------------------
Starting Synthesize : Time (s): cpu = 00:00:15 ; elapsed = 00:00:17 . Memory (MB): peak = 834.309 ; gain = 416.426
---------------------------------------------------------------------------------
INFO: [Synth 8-638] synthesizing module 'gameAndReg32x32' [C:/vicilogic/game/gameAndReg32x32.vhd:32]
INFO: [Synth 8-3491] module 'game' declared at 'C:/vicilogic/game/game.vhd:41' bound to instance 'game_i' of component 'game' [C:/vicilogic/game/gameAndReg32x32.vhd:46]
INFO: [Synth 8-638] synthesizing module 'game' [C:/vicilogic/game/game.vhd:61]
WARNING: [Synth 8-614] signal 'CSBallVec' is read in the process but is not in the sensitivity list [C:/vicilogic/game/game.vhd:98]
WARNING: [Synth 8-614] signal 'NSLives' is read in the process but is not in the sensitivity list [C:/vicilogic/game/game.vhd:98]
INFO: [Synth 8-256] done synthesizing module 'game' (0#1) [C:/vicilogic/game/game.vhd:61]
INFO: [Synth 8-256] done synthesizing module 'gameAndReg32x32' (0#1) [C:/vicilogic/game/gameAndReg32x32.vhd:32]
WARNING: [Synth 8-7129] Port reg4x32_CSRA[3][31] in module game is either unconnected or has no load
WARNING: [Synth 8-7129] Port reg4x32_CSRA[3][30] in module game is either unconnected or has no load
WARNING: [Synth 8-7129] Port reg4x32_CSRA[3][29] in module game is either unconnected or has no load
WARNING: [Synth 8-7129] Port reg4x32_CSRA[3][28] in module game is either unconnected or has no load
WARNING: [Synth 8-7129] Port reg4x32_CSRA[3][27] in module game is either unconnected or has no load
WARNING: [Synth 8-7129] Port reg4x32_CSRA[3][26] in module game is either unconnected or has no load
WARNING: [Synth 8-7129] Port reg4x32_CSRA[3][25] in module game is either unconnected or has no load
WARNING: [Synth 8-7129] Port reg4x32_CSRA[3][24] in module game is either unconnected or has no load
WARNING: [Synth 8-7129] Port reg4x32_CSRA[3][23] in module game is either unconnected or has no load
WARNING: [Synth 8-7129] Port reg4x32_CSRA[3][22] in module game is either unconnected or has no load
WARNING: [Synth 8-7129] Port reg4x32_CSRA[3][21] in module game is either unconnected or has no load
WARNING: [Synth 8-7129] Port reg4x32_CSRA[3][20] in module game is either unconnected or has no load
WARNING: [Synth 8-7129] Port reg4x32_CSRA[3][19] in module game is either unconnected or has no load
WARNING: [Synth 8-7129] Port reg4x32_CSRA[3][18] in module game is either unconnected or has no load
WARNING: [Synth 8-7129] Port reg4x32_CSRA[3][17] in module game is either unconnected or has no load
WARNING: [Synth 8-7129] Port reg4x32_CSRA[3][16] in module game is either unconnected or has no load
WARNING: [Synth 8-7129] Port reg4x32_CSRA[3][15] in module game is either unconnected or has no load
WARNING: [Synth 8-7129] Port reg4x32_CSRA[3][14] in module game is either unconnected or has no load
WARNING: [Synth 8-7129] Port reg4x32_CSRA[3][13] in module game is either unconnected or has no load
WARNING: [Synth 8-7129] Port reg4x32_CSRA[3][12] in module game is either unconnected or has no load
WARNING: [Synth 8-7129] Port reg4x32_CSRA[3][11] in module game is either unconnected or has no load
WARNING: [Synth 8-7129] Port reg4x32_CSRA[3][10] in module game is either unconnected or has no load
WARNING: [Synth 8-7129] Port reg4x32_CSRA[3][9] in module game is either unconnected or has no load
WARNING: [Synth 8-7129] Port reg4x32_CSRA[3][8] in module game is either unconnected or has no load
WARNING: [Synth 8-7129] Port reg4x32_CSRA[3][7] in module game is either unconnected or has no load
WARNING: [Synth 8-7129] Port reg4x32_CSRA[3][6] in module game is either unconnected or has no load
WARNING: [Synth 8-7129] Port reg4x32_CSRA[3][5] in module game is either unconnected or has no load
WARNING: [Synth 8-7129] Port reg4x32_CSRA[3][4] in module game is either unconnected or has no load
WARNING: [Synth 8-7129] Port reg4x32_CSRA[3][3] in module game is either unconnected or has no load
WARNING: [Synth 8-7129] Port reg4x32_CSRA[3][2] in module game is either unconnected or has no load
WARNING: [Synth 8-7129] Port reg4x32_CSRA[3][1] in module game is either unconnected or has no load
WARNING: [Synth 8-7129] Port reg4x32_CSRA[3][0] in module game is either unconnected or has no load
WARNING: [Synth 8-7129] Port reg4x32_CSRA[2][31] in module game is either unconnected or has no load
WARNING: [Synth 8-7129] Port reg4x32_CSRA[2][30] in module game is either unconnected or has no load
WARNING: [Synth 8-7129] Port reg4x32_CSRA[2][29] in module game is either unconnected or has no load
WARNING: [Synth 8-7129] Port reg4x32_CSRA[2][28] in module game is either unconnected or has no load
WARNING: [Synth 8-7129] Port reg4x32_CSRA[2][27] in module game is either unconnected or has no load
WARNING: [Synth 8-7129] Port reg4x32_CSRA[2][26] in module game is either unconnected or has no load
WARNING: [Synth 8-7129] Port reg4x32_CSRA[2][25] in module game is either unconnected or has no load
WARNING: [Synth 8-7129] Port reg4x32_CSRA[2][24] in module game is either unconnected or has no load
WARNING: [Synth 8-7129] Port reg4x32_CSRA[2][23] in module game is either unconnected or has no load
WARNING: [Synth 8-7129] Port reg4x32_CSRA[2][22] in module game is either unconnected or has no load
WARNING: [Synth 8-7129] Port reg4x32_CSRA[2][21] in module game is either unconnected or has no load
WARNING: [Synth 8-7129] Port reg4x32_CSRA[2][20] in module game is either unconnected or has no load
WARNING: [Synth 8-7129] Port reg4x32_CSRA[2][19] in module game is either unconnected or has no load
WARNING: [Synth 8-7129] Port reg4x32_CSRA[2][18] in module game is either unconnected or has no load
WARNING: [Synth 8-7129] Port reg4x32_CSRA[2][17] in module game is either unconnected or has no load
WARNING: [Synth 8-7129] Port reg4x32_CSRA[2][16] in module game is either unconnected or has no load
WARNING: [Synth 8-7129] Port reg4x32_CSRA[2][15] in module game is either unconnected or has no load
WARNING: [Synth 8-7129] Port reg4x32_CSRA[2][14] in module game is either unconnected or has no load
WARNING: [Synth 8-7129] Port reg4x32_CSRA[2][13] in module game is either unconnected or has no load
WARNING: [Synth 8-7129] Port reg4x32_CSRA[2][12] in module game is either unconnected or has no load
WARNING: [Synth 8-7129] Port reg4x32_CSRA[2][11] in module game is either unconnected or has no load
WARNING: [Synth 8-7129] Port reg4x32_CSRA[2][10] in module game is either unconnected or has no load
WARNING: [Synth 8-7129] Port reg4x32_CSRA[2][9] in module game is either unconnected or has no load
WARNING: [Synth 8-7129] Port reg4x32_CSRA[2][8] in module game is either unconnected or has no load
WARNING: [Synth 8-7129] Port reg4x32_CSRA[2][7] in module game is either unconnected or has no load
WARNING: [Synth 8-7129] Port reg4x32_CSRA[2][6] in module game is either unconnected or has no load
WARNING: [Synth 8-7129] Port reg4x32_CSRA[2][5] in module game is either unconnected or has no load
WARNING: [Synth 8-7129] Port reg4x32_CSRA[2][4] in module game is either unconnected or has no load
WARNING: [Synth 8-7129] Port reg4x32_CSRA[2][3] in module game is either unconnected or has no load
WARNING: [Synth 8-7129] Port reg4x32_CSRA[2][2] in module game is either unconnected or has no load
WARNING: [Synth 8-7129] Port reg4x32_CSRA[2][1] in module game is either unconnected or has no load
WARNING: [Synth 8-7129] Port reg4x32_CSRA[2][0] in module game is either unconnected or has no load
WARNING: [Synth 8-7129] Port reg4x32_CSRA[1][31] in module game is either unconnected or has no load
WARNING: [Synth 8-7129] Port reg4x32_CSRA[1][30] in module game is either unconnected or has no load
WARNING: [Synth 8-7129] Port reg4x32_CSRA[1][29] in module game is either unconnected or has no load
WARNING: [Synth 8-7129] Port reg4x32_CSRA[1][28] in module game is either unconnected or has no load
WARNING: [Synth 8-7129] Port reg4x32_CSRA[1][27] in module game is either unconnected or has no load
WARNING: [Synth 8-7129] Port reg4x32_CSRA[1][26] in module game is either unconnected or has no load
WARNING: [Synth 8-7129] Port reg4x32_CSRA[1][25] in module game is either unconnected or has no load
WARNING: [Synth 8-7129] Port reg4x32_CSRA[1][24] in module game is either unconnected or has no load
WARNING: [Synth 8-7129] Port reg4x32_CSRA[1][23] in module game is either unconnected or has no load
WARNING: [Synth 8-7129] Port reg4x32_CSRA[1][22] in module game is either unconnected or has no load
WARNING: [Synth 8-7129] Port reg4x32_CSRA[1][21] in module game is either unconnected or has no load
WARNING: [Synth 8-7129] Port reg4x32_CSRA[1][20] in module game is either unconnected or has no load
WARNING: [Synth 8-7129] Port reg4x32_CSRA[1][19] in module game is either unconnected or has no load
WARNING: [Synth 8-7129] Port reg4x32_CSRA[1][18] in module game is either unconnected or has no load
WARNING: [Synth 8-7129] Port reg4x32_CSRA[1][17] in module game is either unconnected or has no load
WARNING: [Synth 8-7129] Port reg4x32_CSRA[1][16] in module game is either unconnected or has no load
WARNING: [Synth 8-7129] Port reg4x32_CSRA[1][15] in module game is either unconnected or has no load
WARNING: [Synth 8-7129] Port reg4x32_CSRA[1][14] in module game is either unconnected or has no load
WARNING: [Synth 8-7129] Port reg4x32_CSRA[1][13] in module game is either unconnected or has no load
WARNING: [Synth 8-7129] Port reg4x32_CSRA[1][12] in module game is either unconnected or has no load
WARNING: [Synth 8-7129] Port reg4x32_CSRA[1][11] in module game is either unconnected or has no load
WARNING: [Synth 8-7129] Port reg4x32_CSRA[1][10] in module game is either unconnected or has no load
WARNING: [Synth 8-7129] Port reg4x32_CSRA[1][9] in module game is either unconnected or has no load
WARNING: [Synth 8-7129] Port reg4x32_CSRA[1][8] in module game is either unconnected or has no load
WARNING: [Synth 8-7129] Port reg4x32_CSRA[1][7] in module game is either unconnected or has no load
WARNING: [Synth 8-7129] Port reg4x32_CSRA[1][6] in module game is either unconnected or has no load
WARNING: [Synth 8-7129] Port reg4x32_CSRA[1][5] in module game is either unconnected or has no load
WARNING: [Synth 8-7129] Port reg4x32_CSRA[1][4] in module game is either unconnected or has no load
WARNING: [Synth 8-7129] Port reg4x32_CSRA[1][3] in module game is either unconnected or has no load
WARNING: [Synth 8-7129] Port reg4x32_CSRA[1][2] in module game is either unconnected or has no load
WARNING: [Synth 8-7129] Port reg4x32_CSRA[1][1] in module game is either unconnected or has no load
WARNING: [Synth 8-7129] Port reg4x32_CSRA[1][0] in module game is either unconnected or has no load
WARNING: [Synth 8-7129] Port reg4x32_CSRA[0][1] in module game is either unconnected or has no load
WARNING: [Synth 8-7129] Port reg4x32_CSRA[0][0] in module game is either unconnected or has no load
WARNING: [Synth 8-7129] Port reg4x32_CSRB[3][31] in module game is either unconnected or has no load
WARNING: [Synth 8-7129] Port reg4x32_CSRB[3][30] in module game is either unconnected or has no load
INFO: [Common 17-14] Message 'Synth 8-7129' appears 100 times and further instances of the messages will be disabled. Use the Tcl command set_msg_config to change the current settings.
---------------------------------------------------------------------------------
Finished Synthesize : Time (s): cpu = 00:00:20 ; elapsed = 00:00:23 . Memory (MB): peak = 934.055 ; gain = 516.172
---------------------------------------------------------------------------------
---------------------------------------------------------------------------------
Finished Constraint Validation : Time (s): cpu = 00:00:21 ; elapsed = 00:00:24 . Memory (MB): peak = 934.055 ; gain = 516.172
---------------------------------------------------------------------------------
---------------------------------------------------------------------------------
Start Loading Part and Timing Information
---------------------------------------------------------------------------------
Loading part: xc7z020clg400-1
---------------------------------------------------------------------------------
Finished Loading Part and Timing Information : Time (s): cpu = 00:00:21 ; elapsed = 00:00:24 . Memory (MB): peak = 934.055 ; gain = 516.172
---------------------------------------------------------------------------------
INFO: [Device 21-403] Loading part xc7z020clg400-1
INFO: [Synth 8-802] inferred FSM for state register 'CS_reg' in module 'game'
---------------------------------------------------------------------------------------------------
                   State |                     New Encoding |                Previous Encoding 
---------------------------------------------------------------------------------------------------
                    idle |           0000000000000000000001 |                            00000
     setupgameparameters |           0000000000000000000010 |                            00010
           initgamearena |           0000000000000000000100 |                            00011
               initlives |           0000000000000000001000 |                            00110
               initscore |           0000000000000000010000 |                            00111
               waitstate |           0000000000000000100000 |                            01000
           processpaddle |           0000000000000001000000 |                            01001
             processball |           0000000000000010000000 |                            01010
                       s |           0000000000000100000000 |                            10101
                      se |           0000000000001000000000 |                            10100
                      sw |           0000000000010000000000 |                            10110
                       n |           0000000000100000000000 |                            10010
                      ne |           0000000001000000000000 |                            10011
                      nw |           0000000010000000000000 |                            10001
          writewalltomem |           0000000100000000000000 |                            01101
         writescoretomem |           0000001000000000000000 |                            01110
          writeballtomem |           0000010000000000000000 |                            01011
         writelivestomem |           0000100000000000000000 |                            01111
                 endgame |           0001000000000000000000 |                            10000
                initball |           0010000000000000000000 |                            00100
              initpaddle |           0100000000000000000000 |                            00101
             writetocsr0 |           1000000000000000000000 |                            00001
---------------------------------------------------------------------------------------------------
INFO: [Synth 8-3354] encoded FSM with state register 'CS_reg' using encoding 'one-hot' in module 'game'
WARNING: [Synth 8-327] inferring latch for variable 'CSWallVec_reg' [C:/vicilogic/game/game.vhd:106]
---------------------------------------------------------------------------------
Finished RTL Optimization Phase 2 : Time (s): cpu = 00:00:33 ; elapsed = 00:00:33 . Memory (MB): peak = 934.055 ; gain = 516.172
---------------------------------------------------------------------------------
No constraint files found.
---------------------------------------------------------------------------------
Start RTL Component Statistics 
---------------------------------------------------------------------------------
Detailed RTL Component Info : 
+---Adders : 
	   2 Input   21 Bit       Adders := 1     
	   2 Input    6 Bit       Adders := 2     
	   2 Input    5 Bit       Adders := 7     
+---Registers : 
	               32 Bit    Registers := 34    
	               21 Bit    Registers := 2     
	                5 Bit    Registers := 8     
	                3 Bit    Registers := 1     
+---Muxes : 
	   2 Input   32 Bit        Muxes := 30    
	   4 Input   32 Bit        Muxes := 1     
	   7 Input   32 Bit        Muxes := 3     
	   3 Input   32 Bit        Muxes := 3     
	  22 Input   32 Bit        Muxes := 5     
	   2 Input   31 Bit        Muxes := 2     
	  81 Input   22 Bit        Muxes := 1     
	   2 Input   21 Bit        Muxes := 1     
	   2 Input    8 Bit        Muxes := 5     
	   3 Input    8 Bit        Muxes := 1     
	  22 Input    8 Bit        Muxes := 1     
	   2 Input    5 Bit        Muxes := 7     
	  22 Input    5 Bit        Muxes := 4     
	  22 Input    3 Bit        Muxes := 1     
	   3 Input    2 Bit        Muxes := 1     
	  22 Input    2 Bit        Muxes := 2     
	   2 Input    1 Bit        Muxes := 17    
	   4 Input    1 Bit        Muxes := 5     
	   8 Input    1 Bit        Muxes := 3     
	  22 Input    1 Bit        Muxes := 8     
	   3 Input    1 Bit        Muxes := 32    
---------------------------------------------------------------------------------
Finished RTL Component Statistics 
---------------------------------------------------------------------------------
---------------------------------------------------------------------------------
Start Part Resource Summary
---------------------------------------------------------------------------------
Part Resources:
DSPs: 220 (col length:60)
BRAMs: 280 (col length: RAMB18 60 RAMB36 30)
---------------------------------------------------------------------------------
Finished Part Resource Summary
---------------------------------------------------------------------------------
No constraint files found.
---------------------------------------------------------------------------------
Start Cross Boundary and Area Optimization
---------------------------------------------------------------------------------
WARNING: [Synth 8-7080] Parallel synthesis criteria is not met
---------------------------------------------------------------------------------
Finished Cross Boundary and Area Optimization : Time (s): cpu = 00:01:15 ; elapsed = 00:01:34 . Memory (MB): peak = 1312.648 ; gain = 894.766
---------------------------------------------------------------------------------
No constraint files found.
---------------------------------------------------------------------------------
Start Timing Optimization
---------------------------------------------------------------------------------
---------------------------------------------------------------------------------
Finished Timing Optimization : Time (s): cpu = 00:01:18 ; elapsed = 00:01:38 . Memory (MB): peak = 1312.648 ; gain = 894.766
---------------------------------------------------------------------------------
---------------------------------------------------------------------------------
Start Technology Mapping
---------------------------------------------------------------------------------
---------------------------------------------------------------------------------
Finished Technology Mapping : Time (s): cpu = 00:01:21 ; elapsed = 00:01:41 . Memory (MB): peak = 1312.648 ; gain = 894.766
---------------------------------------------------------------------------------
---------------------------------------------------------------------------------
Start IO Insertion
---------------------------------------------------------------------------------
---------------------------------------------------------------------------------
Start Flattening Before IO Insertion
---------------------------------------------------------------------------------
---------------------------------------------------------------------------------
Finished Flattening Before IO Insertion
---------------------------------------------------------------------------------
---------------------------------------------------------------------------------
Start Final Netlist Cleanup
---------------------------------------------------------------------------------
---------------------------------------------------------------------------------
Finished Final Netlist Cleanup
---------------------------------------------------------------------------------
---------------------------------------------------------------------------------
Finished IO Insertion : Time (s): cpu = 00:01:46 ; elapsed = 00:02:07 . Memory (MB): peak = 1312.648 ; gain = 894.766
---------------------------------------------------------------------------------
---------------------------------------------------------------------------------
Start Renaming Generated Instances
---------------------------------------------------------------------------------
---------------------------------------------------------------------------------
Finished Renaming Generated Instances : Time (s): cpu = 00:01:46 ; elapsed = 00:02:07 . Memory (MB): peak = 1312.648 ; gain = 894.766
---------------------------------------------------------------------------------
CRITICAL WARNING: [Synth 8-6859] multi-driven net on pin game_i/CSWallVec[31] with 1st driver pin 'game_i/CSWallVec_reg[31]__0/Q' [C:/vicilogic/game/game.vhd:106]
CRITICAL WARNING: [Synth 8-6859] multi-driven net on pin game_i/CSWallVec[31] with 2nd driver pin 'game_i/CSWallVec_reg[31]/Q' [C:/vicilogic/game/game.vhd:558]
CRITICAL WARNING: [Synth 8-6859] multi-driven net on pin game_i/CSWallVec[30] with 1st driver pin 'game_i/CSWallVec_reg[30]__0/Q' [C:/vicilogic/game/game.vhd:106]
CRITICAL WARNING: [Synth 8-6859] multi-driven net on pin game_i/CSWallVec[30] with 2nd driver pin 'game_i/CSWallVec_reg[30]/Q' [C:/vicilogic/game/game.vhd:558]
CRITICAL WARNING: [Synth 8-6859] multi-driven net on pin game_i/CSWallVec[29] with 1st driver pin 'game_i/CSWallVec_reg[29]__0/Q' [C:/vicilogic/game/game.vhd:106]
CRITICAL WARNING: [Synth 8-6859] multi-driven net on pin game_i/CSWallVec[29] with 2nd driver pin 'game_i/CSWallVec_reg[29]/Q' [C:/vicilogic/game/game.vhd:558]
CRITICAL WARNING: [Synth 8-6859] multi-driven net on pin game_i/CSWallVec[28] with 1st driver pin 'game_i/CSWallVec_reg[28]__0/Q' [C:/vicilogic/game/game.vhd:106]
CRITICAL WARNING: [Synth 8-6859] multi-driven net on pin game_i/CSWallVec[28] with 2nd driver pin 'game_i/CSWallVec_reg[28]/Q' [C:/vicilogic/game/game.vhd:558]
CRITICAL WARNING: [Synth 8-6859] multi-driven net on pin game_i/CSWallVec[27] with 1st driver pin 'game_i/CSWallVec_reg[27]__0/Q' [C:/vicilogic/game/game.vhd:106]
CRITICAL WARNING: [Synth 8-6859] multi-driven net on pin game_i/CSWallVec[27] with 2nd driver pin 'game_i/CSWallVec_reg[27]/Q' [C:/vicilogic/game/game.vhd:558]
CRITICAL WARNING: [Synth 8-6859] multi-driven net on pin game_i/CSWallVec[26] with 1st driver pin 'game_i/CSWallVec_reg[26]__0/Q' [C:/vicilogic/game/game.vhd:106]
CRITICAL WARNING: [Synth 8-6859] multi-driven net on pin game_i/CSWallVec[26] with 2nd driver pin 'game_i/CSWallVec_reg[26]/Q' [C:/vicilogic/game/game.vhd:558]
CRITICAL WARNING: [Synth 8-6859] multi-driven net on pin game_i/CSWallVec[25] with 1st driver pin 'game_i/CSWallVec_reg[25]__0/Q' [C:/vicilogic/game/game.vhd:106]
CRITICAL WARNING: [Synth 8-6859] multi-driven net on pin game_i/CSWallVec[25] with 2nd driver pin 'game_i/CSWallVec_reg[25]/Q' [C:/vicilogic/game/game.vhd:558]
CRITICAL WARNING: [Synth 8-6859] multi-driven net on pin game_i/CSWallVec[24] with 1st driver pin 'game_i/CSWallVec_reg[24]__0/Q' [C:/vicilogic/game/game.vhd:106]
CRITICAL WARNING: [Synth 8-6859] multi-driven net on pin game_i/CSWallVec[24] with 2nd driver pin 'game_i/CSWallVec_reg[24]/Q' [C:/vicilogic/game/game.vhd:558]
CRITICAL WARNING: [Synth 8-6859] multi-driven net on pin game_i/CSWallVec[23] with 1st driver pin 'game_i/CSWallVec_reg[23]__0/Q' [C:/vicilogic/game/game.vhd:106]
CRITICAL WARNING: [Synth 8-6859] multi-driven net on pin game_i/CSWallVec[23] with 2nd driver pin 'game_i/CSWallVec_reg[23]/Q' [C:/vicilogic/game/game.vhd:558]
CRITICAL WARNING: [Synth 8-6859] multi-driven net on pin game_i/CSWallVec[22] with 1st driver pin 'game_i/CSWallVec_reg[22]__0/Q' [C:/vicilogic/game/game.vhd:106]
CRITICAL WARNING: [Synth 8-6859] multi-driven net on pin game_i/CSWallVec[22] with 2nd driver pin 'game_i/CSWallVec_reg[22]/Q' [C:/vicilogic/game/game.vhd:558]
CRITICAL WARNING: [Synth 8-6859] multi-driven net on pin game_i/CSWallVec[21] with 1st driver pin 'game_i/CSWallVec_reg[21]__0/Q' [C:/vicilogic/game/game.vhd:106]
CRITICAL WARNING: [Synth 8-6859] multi-driven net on pin game_i/CSWallVec[21] with 2nd driver pin 'game_i/CSWallVec_reg[21]/Q' [C:/vicilogic/game/game.vhd:558]
CRITICAL WARNING: [Synth 8-6859] multi-driven net on pin game_i/CSWallVec[20] with 1st driver pin 'game_i/CSWallVec_reg[20]__0/Q' [C:/vicilogic/game/game.vhd:106]
CRITICAL WARNING: [Synth 8-6859] multi-driven net on pin game_i/CSWallVec[20] with 2nd driver pin 'game_i/CSWallVec_reg[20]/Q' [C:/vicilogic/game/game.vhd:558]
CRITICAL WARNING: [Synth 8-6859] multi-driven net on pin game_i/CSWallVec[19] with 1st driver pin 'game_i/CSWallVec_reg[19]__0/Q' [C:/vicilogic/game/game.vhd:106]
CRITICAL WARNING: [Synth 8-6859] multi-driven net on pin game_i/CSWallVec[19] with 2nd driver pin 'game_i/CSWallVec_reg[19]/Q' [C:/vicilogic/game/game.vhd:558]
CRITICAL WARNING: [Synth 8-6859] multi-driven net on pin game_i/CSWallVec[18] with 1st driver pin 'game_i/CSWallVec_reg[18]__0/Q' [C:/vicilogic/game/game.vhd:106]
CRITICAL WARNING: [Synth 8-6859] multi-driven net on pin game_i/CSWallVec[18] with 2nd driver pin 'game_i/CSWallVec_reg[18]/Q' [C:/vicilogic/game/game.vhd:558]
CRITICAL WARNING: [Synth 8-6859] multi-driven net on pin game_i/CSWallVec[17] with 1st driver pin 'game_i/CSWallVec_reg[17]__0/Q' [C:/vicilogic/game/game.vhd:106]
CRITICAL WARNING: [Synth 8-6859] multi-driven net on pin game_i/CSWallVec[17] with 2nd driver pin 'game_i/CSWallVec_reg[17]/Q' [C:/vicilogic/game/game.vhd:558]
CRITICAL WARNING: [Synth 8-6859] multi-driven net on pin game_i/CSWallVec[16] with 1st driver pin 'game_i/CSWallVec_reg[16]__0/Q' [C:/vicilogic/game/game.vhd:106]
CRITICAL WARNING: [Synth 8-6859] multi-driven net on pin game_i/CSWallVec[16] with 2nd driver pin 'game_i/CSWallVec_reg[16]/Q' [C:/vicilogic/game/game.vhd:558]
CRITICAL WARNING: [Synth 8-6859] multi-driven net on pin game_i/CSWallVec[15] with 1st driver pin 'game_i/CSWallVec_reg[15]__0/Q' [C:/vicilogic/game/game.vhd:106]
CRITICAL WARNING: [Synth 8-6859] multi-driven net on pin game_i/CSWallVec[15] with 2nd driver pin 'game_i/CSWallVec_reg[15]/Q' [C:/vicilogic/game/game.vhd:558]
CRITICAL WARNING: [Synth 8-6859] multi-driven net on pin game_i/CSWallVec[14] with 1st driver pin 'game_i/CSWallVec_reg[14]__0/Q' [C:/vicilogic/game/game.vhd:106]
CRITICAL WARNING: [Synth 8-6859] multi-driven net on pin game_i/CSWallVec[14] with 2nd driver pin 'game_i/CSWallVec_reg[14]/Q' [C:/vicilogic/game/game.vhd:558]
CRITICAL WARNING: [Synth 8-6859] multi-driven net on pin game_i/CSWallVec[13] with 1st driver pin 'game_i/CSWallVec_reg[13]__0/Q' [C:/vicilogic/game/game.vhd:106]
CRITICAL WARNING: [Synth 8-6859] multi-driven net on pin game_i/CSWallVec[13] with 2nd driver pin 'game_i/CSWallVec_reg[13]/Q' [C:/vicilogic/game/game.vhd:558]
CRITICAL WARNING: [Synth 8-6859] multi-driven net on pin game_i/CSWallVec[12] with 1st driver pin 'game_i/CSWallVec_reg[12]__0/Q' [C:/vicilogic/game/game.vhd:106]
CRITICAL WARNING: [Synth 8-6859] multi-driven net on pin game_i/CSWallVec[12] with 2nd driver pin 'game_i/CSWallVec_reg[12]/Q' [C:/vicilogic/game/game.vhd:558]
CRITICAL WARNING: [Synth 8-6859] multi-driven net on pin game_i/CSWallVec[11] with 1st driver pin 'game_i/CSWallVec_reg[11]__0/Q' [C:/vicilogic/game/game.vhd:106]
CRITICAL WARNING: [Synth 8-6859] multi-driven net on pin game_i/CSWallVec[11] with 2nd driver pin 'game_i/CSWallVec_reg[11]/Q' [C:/vicilogic/game/game.vhd:558]
CRITICAL WARNING: [Synth 8-6859] multi-driven net on pin game_i/CSWallVec[10] with 1st driver pin 'game_i/CSWallVec_reg[10]__0/Q' [C:/vicilogic/game/game.vhd:106]
CRITICAL WARNING: [Synth 8-6859] multi-driven net on pin game_i/CSWallVec[10] with 2nd driver pin 'game_i/CSWallVec_reg[10]/Q' [C:/vicilogic/game/game.vhd:558]
CRITICAL WARNING: [Synth 8-6859] multi-driven net on pin game_i/CSWallVec[9] with 1st driver pin 'game_i/CSWallVec_reg[9]__0/Q' [C:/vicilogic/game/game.vhd:106]
CRITICAL WARNING: [Synth 8-6859] multi-driven net on pin game_i/CSWallVec[9] with 2nd driver pin 'game_i/CSWallVec_reg[9]/Q' [C:/vicilogic/game/game.vhd:558]
CRITICAL WARNING: [Synth 8-6859] multi-driven net on pin game_i/CSWallVec[8] with 1st driver pin 'game_i/CSWallVec_reg[8]__0/Q' [C:/vicilogic/game/game.vhd:106]
CRITICAL WARNING: [Synth 8-6859] multi-driven net on pin game_i/CSWallVec[8] with 2nd driver pin 'game_i/CSWallVec_reg[8]/Q' [C:/vicilogic/game/game.vhd:558]
CRITICAL WARNING: [Synth 8-6859] multi-driven net on pin game_i/CSWallVec[7] with 1st driver pin 'game_i/CSWallVec_reg[7]__0/Q' [C:/vicilogic/game/game.vhd:106]
CRITICAL WARNING: [Synth 8-6859] multi-driven net on pin game_i/CSWallVec[7] with 2nd driver pin 'game_i/CSWallVec_reg[7]/Q' [C:/vicilogic/game/game.vhd:558]
CRITICAL WARNING: [Synth 8-6859] multi-driven net on pin game_i/CSWallVec[6] with 1st driver pin 'game_i/CSWallVec_reg[6]__0/Q' [C:/vicilogic/game/game.vhd:106]
CRITICAL WARNING: [Synth 8-6859] multi-driven net on pin game_i/CSWallVec[6] with 2nd driver pin 'game_i/CSWallVec_reg[6]/Q' [C:/vicilogic/game/game.vhd:558]
CRITICAL WARNING: [Synth 8-6859] multi-driven net on pin game_i/CSWallVec[5] with 1st driver pin 'game_i/CSWallVec_reg[5]__0/Q' [C:/vicilogic/game/game.vhd:106]
CRITICAL WARNING: [Synth 8-6859] multi-driven net on pin game_i/CSWallVec[5] with 2nd driver pin 'game_i/CSWallVec_reg[5]/Q' [C:/vicilogic/game/game.vhd:558]
CRITICAL WARNING: [Synth 8-6859] multi-driven net on pin game_i/CSWallVec[4] with 1st driver pin 'game_i/CSWallVec_reg[4]__0/Q' [C:/vicilogic/game/game.vhd:106]
CRITICAL WARNING: [Synth 8-6859] multi-driven net on pin game_i/CSWallVec[4] with 2nd driver pin 'game_i/CSWallVec_reg[4]/Q' [C:/vicilogic/game/game.vhd:558]
CRITICAL WARNING: [Synth 8-6859] multi-driven net on pin game_i/CSWallVec[3] with 1st driver pin 'game_i/CSWallVec_reg[3]__0/Q' [C:/vicilogic/game/game.vhd:106]
CRITICAL WARNING: [Synth 8-6859] multi-driven net on pin game_i/CSWallVec[3] with 2nd driver pin 'game_i/CSWallVec_reg[3]/Q' [C:/vicilogic/game/game.vhd:558]
CRITICAL WARNING: [Synth 8-6859] multi-driven net on pin game_i/CSWallVec[2] with 1st driver pin 'game_i/CSWallVec_reg[2]__0/Q' [C:/vicilogic/game/game.vhd:106]
CRITICAL WARNING: [Synth 8-6859] multi-driven net on pin game_i/CSWallVec[2] with 2nd driver pin 'game_i/CSWallVec_reg[2]/Q' [C:/vicilogic/game/game.vhd:558]
CRITICAL WARNING: [Synth 8-6859] multi-driven net on pin game_i/CSWallVec[1] with 1st driver pin 'game_i/CSWallVec_reg[1]__0/Q' [C:/vicilogic/game/game.vhd:106]
CRITICAL WARNING: [Synth 8-6859] multi-driven net on pin game_i/CSWallVec[1] with 2nd driver pin 'game_i/CSWallVec_reg[1]/Q' [C:/vicilogic/game/game.vhd:558]
CRITICAL WARNING: [Synth 8-6859] multi-driven net on pin game_i/CSWallVec[0] with 1st driver pin 'game_i/CSWallVec_reg[0]__0/Q' [C:/vicilogic/game/game.vhd:106]
CRITICAL WARNING: [Synth 8-6859] multi-driven net on pin game_i/CSWallVec[0] with 2nd driver pin 'game_i/CSWallVec_reg[0]/Q' [C:/vicilogic/game/game.vhd:558]

Report Check Netlist: 
+------+------------------+-------+---------+-------+------------------+
|      |Item              |Errors |Warnings |Status |Description       |
+------+------------------+-------+---------+-------+------------------+
|1     |multi_driven_nets |      0|       32|Failed |Multi driven nets |
+------+------------------+-------+---------+-------+------------------+
---------------------------------------------------------------------------------
Start Rebuilding User Hierarchy
---------------------------------------------------------------------------------
---------------------------------------------------------------------------------
Finished Rebuilding User Hierarchy : Time (s): cpu = 00:01:46 ; elapsed = 00:02:07 . Memory (MB): peak = 1312.648 ; gain = 894.766
---------------------------------------------------------------------------------
---------------------------------------------------------------------------------
Start Renaming Generated Ports
---------------------------------------------------------------------------------
---------------------------------------------------------------------------------
Finished Renaming Generated Ports : Time (s): cpu = 00:01:46 ; elapsed = 00:02:07 . Memory (MB): peak = 1312.648 ; gain = 894.766
---------------------------------------------------------------------------------
---------------------------------------------------------------------------------
Start Handling Custom Attributes
---------------------------------------------------------------------------------
---------------------------------------------------------------------------------
Finished Handling Custom Attributes : Time (s): cpu = 00:01:46 ; elapsed = 00:02:08 . Memory (MB): peak = 1312.648 ; gain = 894.766
---------------------------------------------------------------------------------
---------------------------------------------------------------------------------
Start Renaming Generated Nets
---------------------------------------------------------------------------------
---------------------------------------------------------------------------------
Finished Renaming Generated Nets : Time (s): cpu = 00:01:46 ; elapsed = 00:02:08 . Memory (MB): peak = 1312.648 ; gain = 894.766
---------------------------------------------------------------------------------
---------------------------------------------------------------------------------
Start Writing Synthesis Report
---------------------------------------------------------------------------------

Report BlackBoxes: 
+-+--------------+----------+
| |BlackBox name |Instances |
+-+--------------+----------+
+-+--------------+----------+

Report Cell Usage: 
+------+-------+------+
|      |Cell   |Count |
+------+-------+------+
|1     |CARRY4 |     8|
|2     |LUT1   |     6|
|3     |LUT2   |   119|
|4     |LUT3   |    84|
|5     |LUT4   |    44|
|6     |LUT5   |   183|
|7     |LUT6   |   749|
|8     |MUXF7  |    48|
|9     |MUXF8  |     1|
|10    |FDCE   |  1165|
|11    |FDPE   |     1|
|12    |LD     |    32|
+------+-------+------+

Report Instance Areas: 
+------+---------+-------+------+
|      |Instance |Module |Cells |
+------+---------+-------+------+
|1     |top      |       |  2440|
|2     |  game_i |game   |  1416|
+------+---------+-------+------+
---------------------------------------------------------------------------------
Finished Writing Synthesis Report : Time (s): cpu = 00:01:46 ; elapsed = 00:02:08 . Memory (MB): peak = 1312.648 ; gain = 894.766
---------------------------------------------------------------------------------
Synthesis finished with 0 errors, 64 critical warnings and 964 warnings.
Synthesis Optimization Runtime : Time (s): cpu = 00:01:46 ; elapsed = 00:02:08 . Memory (MB): peak = 1312.648 ; gain = 894.766
Synthesis Optimization Complete : Time (s): cpu = 00:01:46 ; elapsed = 00:02:08 . Memory (MB): peak = 1312.648 ; gain = 894.766
INFO: [Project 1-571] Translating synthesized netlist
Netlist sorting complete. Time (s): cpu = 00:00:00 ; elapsed = 00:00:00.072 . Memory (MB): peak = 1312.648 ; gain = 0.000
INFO: [Netlist 29-17] Analyzing 89 Unisim elements for replacement
INFO: [Netlist 29-28] Unisim Transformation completed in 0 CPU seconds
INFO: [Project 1-570] Preparing netlist for logic optimization
INFO: [Opt 31-138] Pushed 0 inverter(s) to 0 load pin(s).
Netlist sorting complete. Time (s): cpu = 00:00:00 ; elapsed = 00:00:00.002 . Memory (MB): peak = 1312.648 ; gain = 0.000
INFO: [Project 1-111] Unisim Transformation Summary:
  A total of 32 instances were transformed.
  LD => LDCE: 32 instances

Synth Design complete, checksum: cc91d58c
INFO: [Common 17-83] Releasing license: Synthesis
21 Infos, 104 Warnings, 64 Critical Warnings and 0 Errors encountered.
synth_design completed successfully
synth_design: Time (s): cpu = 00:01:53 ; elapsed = 00:02:15 . Memory (MB): peak = 1312.648 ; gain = 919.613
INFO: [runtcl-6] Synthesis results are not added to the cache due to CRITICAL_WARNING
INFO: [Common 17-1381] The checkpoint 'C:/vicilogic/game/xilinxprj/game.runs/synth_1/gameAndReg32x32.dcp' has been generated.
INFO: [runtcl-4] Executing : report_utilization -file gameAndReg32x32_utilization_synth.rpt -pb gameAndReg32x32_utilization_synth.pb
INFO: [Common 17-206] Exiting Vivado at Tue Nov 15 15:03:22 2022...
